<?xml version="1.0" encoding="UTF-8"?>
<testsuite name="oo.jogodavelha.tests.regras.RegrasDeVitoriaTest" tests="14" skipped="0" failures="0" errors="0" timestamp="2021-08-23T13:38:20" hostname="pop-os" time="0.059">
  <properties/>
  <testcase name="testHasWinnerDiagonal1()" classname="oo.jogodavelha.tests.regras.RegrasDeVitoriaTest" time="0.003"/>
  <testcase name="testHasWinnerDiagonal2()" classname="oo.jogodavelha.tests.regras.RegrasDeVitoriaTest" time="0.001"/>
  <testcase name="[1] 0, X" classname="oo.jogodavelha.tests.regras.RegrasDeVitoriaTest" time="0.011"/>
  <testcase name="[2] 0, O" classname="oo.jogodavelha.tests.regras.RegrasDeVitoriaTest" time="0.001"/>
  <testcase name="[3] 1, X" classname="oo.jogodavelha.tests.regras.RegrasDeVitoriaTest" time="0.0"/>
  <testcase name="[4] 1, O" classname="oo.jogodavelha.tests.regras.RegrasDeVitoriaTest" time="0.001"/>
  <testcase name="[5] 2, X" classname="oo.jogodavelha.tests.regras.RegrasDeVitoriaTest" time="0.0"/>
  <testcase name="[6] 2, O" classname="oo.jogodavelha.tests.regras.RegrasDeVitoriaTest" time="0.0"/>
  <testcase name="[1] 0, X" classname="oo.jogodavelha.tests.regras.RegrasDeVitoriaTest" time="0.001"/>
  <testcase name="[2] 0, O" classname="oo.jogodavelha.tests.regras.RegrasDeVitoriaTest" time="0.0"/>
  <testcase name="[3] 1, X" classname="oo.jogodavelha.tests.regras.RegrasDeVitoriaTest" time="0.001"/>
  <testcase name="[4] 1, O" classname="oo.jogodavelha.tests.regras.RegrasDeVitoriaTest" time="0.001"/>
  <testcase name="[5] 2, X" classname="oo.jogodavelha.tests.regras.RegrasDeVitoriaTest" time="0.0"/>
  <testcase name="[6] 2, O" classname="oo.jogodavelha.tests.regras.RegrasDeVitoriaTest" time="0.0"/>
  <system-out><![CDATA[O jogador 2 ganhou
O jogador 2 ganhou
O jogador 1 ganhou
O jogador 2 ganhou
O jogador 2 ganhou
O jogador 1 ganhou
O jogador 2 ganhou
O jogador 2 ganhou
O jogador 2 ganhou
O jogador 1 ganhou
O jogador 2 ganhou
O jogador 1 ganhou
O jogador 2 ganhou
O jogador 2 ganhou
O jogador 1 ganhou
O jogador 2 ganhou
O jogador 2 ganhou
O jogador 2 ganhou
O jogador 1 ganhou
O jogador 2 ganhou
]]></system-out>
  <system-err><![CDATA[]]></system-err>
</testsuite>
