<?xml version="1.0" encoding="UTF-8"?>
<testsuite name="oo.jogodavelha.tests.regras.RegrasDeConfiguracaoDeJogoTest" tests="1" skipped="0" failures="0" errors="0" timestamp="2021-08-21T19:44:30" hostname="pop-os" time="0.015">
  <properties/>
  <testcase name="testEmptyJogoAtStart()" classname="oo.jogodavelha.tests.regras.RegrasDeConfiguracaoDeJogoTest" time="0.015"/>
  <system-out><![CDATA[]]></system-out>
  <system-err><![CDATA[]]></system-err>
</testsuite>
