<?xml version="1.0" encoding="UTF-8"?>
<testsuite name="oo.jogodavelha.tests.regras.RegrasDeJogadaTest" tests="51" skipped="0" failures="0" errors="0" timestamp="2021-08-22T00:24:11" hostname="pop-os" time="0.06">
  <properties/>
  <testcase name="testJogadaValida()" classname="oo.jogodavelha.tests.regras.RegrasDeJogadaTest" time="0.0"/>
  <testcase name="[1] 1, 0, 0, 0, X" classname="oo.jogodavelha.tests.regras.RegrasDeJogadaTest" time="0.002"/>
  <testcase name="[2] 1, 0, 0, 0, O" classname="oo.jogodavelha.tests.regras.RegrasDeJogadaTest" time="0.001"/>
  <testcase name="[3] 0, 0, 0, 1, X" classname="oo.jogodavelha.tests.regras.RegrasDeJogadaTest" time="0.0"/>
  <testcase name="[4] 0, 0, 0, 1, O" classname="oo.jogodavelha.tests.regras.RegrasDeJogadaTest" time="0.0"/>
  <testcase name="[5] 0, 0, 0, 2, X" classname="oo.jogodavelha.tests.regras.RegrasDeJogadaTest" time="0.0"/>
  <testcase name="[6] 0, 0, 0, 2, O" classname="oo.jogodavelha.tests.regras.RegrasDeJogadaTest" time="0.0"/>
  <testcase name="[7] 0, 0, 1, 0, X" classname="oo.jogodavelha.tests.regras.RegrasDeJogadaTest" time="0.0"/>
  <testcase name="[8] 0, 0, 1, 0, O" classname="oo.jogodavelha.tests.regras.RegrasDeJogadaTest" time="0.0"/>
  <testcase name="[9] 0, 0, 1, 1, X" classname="oo.jogodavelha.tests.regras.RegrasDeJogadaTest" time="0.0"/>
  <testcase name="[10] 0, 0, 1, 1, O" classname="oo.jogodavelha.tests.regras.RegrasDeJogadaTest" time="0.0"/>
  <testcase name="[11] 1, 0, 1, 2, X" classname="oo.jogodavelha.tests.regras.RegrasDeJogadaTest" time="0.0"/>
  <testcase name="[12] 1, 0, 0, 2, O" classname="oo.jogodavelha.tests.regras.RegrasDeJogadaTest" time="0.0"/>
  <testcase name="[13] 0, 0, 2, 1, X" classname="oo.jogodavelha.tests.regras.RegrasDeJogadaTest" time="0.0"/>
  <testcase name="[14] 0, 0, 2, 1, O" classname="oo.jogodavelha.tests.regras.RegrasDeJogadaTest" time="0.0"/>
  <testcase name="[15] 0, 0, 2, 1, X" classname="oo.jogodavelha.tests.regras.RegrasDeJogadaTest" time="0.0"/>
  <testcase name="[16] 0, 0, 2, 1, O" classname="oo.jogodavelha.tests.regras.RegrasDeJogadaTest" time="0.001"/>
  <testcase name="[17] 1, 0, 2, 1, X" classname="oo.jogodavelha.tests.regras.RegrasDeJogadaTest" time="0.001"/>
  <testcase name="[18] 1, 0, 2, 1, O" classname="oo.jogodavelha.tests.regras.RegrasDeJogadaTest" time="0.001"/>
  <testcase name="[1] -1, 0" classname="oo.jogodavelha.tests.regras.RegrasDeJogadaTest" time="0.001"/>
  <testcase name="[2] -1, 1" classname="oo.jogodavelha.tests.regras.RegrasDeJogadaTest" time="0.0"/>
  <testcase name="[3] -1, 2" classname="oo.jogodavelha.tests.regras.RegrasDeJogadaTest" time="0.0"/>
  <testcase name="[4] 3, 0" classname="oo.jogodavelha.tests.regras.RegrasDeJogadaTest" time="0.0"/>
  <testcase name="[5] 3, 1" classname="oo.jogodavelha.tests.regras.RegrasDeJogadaTest" time="0.0"/>
  <testcase name="[6] 3, 2" classname="oo.jogodavelha.tests.regras.RegrasDeJogadaTest" time="0.001"/>
  <testcase name="[7] 0, -1" classname="oo.jogodavelha.tests.regras.RegrasDeJogadaTest" time="0.0"/>
  <testcase name="[8] 1, -1" classname="oo.jogodavelha.tests.regras.RegrasDeJogadaTest" time="0.0"/>
  <testcase name="[9] 2, -1" classname="oo.jogodavelha.tests.regras.RegrasDeJogadaTest" time="0.0"/>
  <testcase name="[10] 0, 3" classname="oo.jogodavelha.tests.regras.RegrasDeJogadaTest" time="0.0"/>
  <testcase name="[11] 1, 3" classname="oo.jogodavelha.tests.regras.RegrasDeJogadaTest" time="0.0"/>
  <testcase name="[12] 2, 3" classname="oo.jogodavelha.tests.regras.RegrasDeJogadaTest" time="0.0"/>
  <testcase name="[13] -1, -1" classname="oo.jogodavelha.tests.regras.RegrasDeJogadaTest" time="0.001"/>
  <testcase name="[14] 3, 3" classname="oo.jogodavelha.tests.regras.RegrasDeJogadaTest" time="0.001"/>
  <testcase name="[1] 0, 0, X, O" classname="oo.jogodavelha.tests.regras.RegrasDeJogadaTest" time="0.002"/>
  <testcase name="[2] 0, 0, O, X" classname="oo.jogodavelha.tests.regras.RegrasDeJogadaTest" time="0.001"/>
  <testcase name="[3] 0, 1, X, O" classname="oo.jogodavelha.tests.regras.RegrasDeJogadaTest" time="0.0"/>
  <testcase name="[4] 0, 1, O, X" classname="oo.jogodavelha.tests.regras.RegrasDeJogadaTest" time="0.0"/>
  <testcase name="[5] 0, 2, X, O" classname="oo.jogodavelha.tests.regras.RegrasDeJogadaTest" time="0.0"/>
  <testcase name="[6] 0, 2, O, X" classname="oo.jogodavelha.tests.regras.RegrasDeJogadaTest" time="0.001"/>
  <testcase name="[7] 1, 0, X, O" classname="oo.jogodavelha.tests.regras.RegrasDeJogadaTest" time="0.0"/>
  <testcase name="[8] 1, 0, O, X" classname="oo.jogodavelha.tests.regras.RegrasDeJogadaTest" time="0.0"/>
  <testcase name="[9] 1, 1, X, O" classname="oo.jogodavelha.tests.regras.RegrasDeJogadaTest" time="0.001"/>
  <testcase name="[10] 1, 1, O, X" classname="oo.jogodavelha.tests.regras.RegrasDeJogadaTest" time="0.0"/>
  <testcase name="[11] 1, 2, X, O" classname="oo.jogodavelha.tests.regras.RegrasDeJogadaTest" time="0.001"/>
  <testcase name="[12] 1, 2, O, X" classname="oo.jogodavelha.tests.regras.RegrasDeJogadaTest" time="0.001"/>
  <testcase name="[13] 2, 0, X, O" classname="oo.jogodavelha.tests.regras.RegrasDeJogadaTest" time="0.001"/>
  <testcase name="[14] 2, 0, O, X" classname="oo.jogodavelha.tests.regras.RegrasDeJogadaTest" time="0.001"/>
  <testcase name="[15] 2, 1, X, O" classname="oo.jogodavelha.tests.regras.RegrasDeJogadaTest" time="0.0"/>
  <testcase name="[16] 2, 1, O, X" classname="oo.jogodavelha.tests.regras.RegrasDeJogadaTest" time="0.001"/>
  <testcase name="[17] 2, 2, X, O" classname="oo.jogodavelha.tests.regras.RegrasDeJogadaTest" time="0.001"/>
  <testcase name="[18] 2, 2, O, X" classname="oo.jogodavelha.tests.regras.RegrasDeJogadaTest" time="0.0"/>
  <system-out><![CDATA[]]></system-out>
  <system-err><![CDATA[]]></system-err>
</testsuite>
